yarn run v1.22.19
$ next build
- info Creating an optimized production build...
- info Compiled successfully
- info Linting and checking validity of types...
- info Collecting page data...
- info Generating static pages (0/4)
- info Generating static pages (1/4)
- info Generating static pages (2/4)
- info Generating static pages (3/4)
- info Generating static pages (4/4)
- info Finalizing page optimization...

Route (app)                                Size     First Load JS
┌ ○ /                                      4.91 kB        82.4 kB
└ ○ /favicon.ico                           0 B                0 B
+ First Load JS shared by all              77.5 kB
  ├ chunks/698-1321e6d13d35448d.js         25.1 kB
  ├ chunks/bce60fc1-8c4748991edb1ec4.js    50.5 kB
  ├ chunks/main-app-3db377f4808f4d49.js    212 B
  └ chunks/webpack-94f5b18e55d7af89.js     1.64 kB

Route (pages)                              Size     First Load JS
─ ○ /404                                   181 B          75.4 kB
+ First Load JS shared by all              75.2 kB
  ├ chunks/framework-8883d1e9be70c3da.js   45 kB
  ├ chunks/main-403426eb860d23e4.js        28.4 kB
  ├ chunks/pages/_app-b75b9482ff6ea491.js  195 B
  └ chunks/webpack-94f5b18e55d7af89.js     1.64 kB

○  (Static)  automatically rendered as static HTML (uses no initial props)

Done in 56.21s.
